<?xml version="1.0" encoding="UTF-8"?>
<coverage generated="1584549545968" clover="3.2.0">
  <project timestamp="1584549545968" name="All files">
    <metrics statements="20" coveredstatements="20" conditionals="10" coveredconditionals="9" methods="4" coveredmethods="4" elements="34" coveredelements="33" complexity="0" loc="20" ncloc="20" packages="1" files="2" classes="2"/>
    <file name="index.js" path="/home/ioann/projects/diff/src/index.js">
      <metrics statements="14" coveredstatements="14" conditionals="8" coveredconditionals="7" methods="3" coveredmethods="3"/>
      <line num="4" count="1" type="stmt"/>
      <line num="5" count="3" type="stmt"/>
      <line num="6" count="3" type="stmt"/>
      <line num="7" count="21" type="cond" truecount="4" falsecount="0"/>
      <line num="8" count="15" type="cond" truecount="1" falsecount="1"/>
      <line num="9" count="15" type="stmt"/>
      <line num="11" count="6" type="cond" truecount="2" falsecount="0"/>
      <line num="12" count="3" type="stmt"/>
      <line num="14" count="3" type="stmt"/>
      <line num="16" count="3" type="stmt"/>
      <line num="20" count="4" type="stmt"/>
      <line num="21" count="4" type="stmt"/>
      <line num="22" count="3" type="stmt"/>
      <line num="23" count="3" type="stmt"/>
    </file>
    <file name="utils.js" path="/home/ioann/projects/diff/src/utils.js">
      <metrics statements="6" coveredstatements="6" conditionals="2" coveredconditionals="2" methods="1" coveredmethods="1"/>
      <line num="1" count="1" type="stmt"/>
      <line num="2" count="1" type="stmt"/>
      <line num="5" count="7" type="stmt"/>
      <line num="6" count="7" type="cond" truecount="2" falsecount="0"/>
      <line num="8" count="7" type="stmt"/>
      <line num="9" count="6" type="stmt"/>
    </file>
  </project>
</coverage>
