{"/home/ioann/projects/diff/src/index.js": {"path":"/home/ioann/projects/diff/src/index.js","statementMap":{"0":{"start":{"line":4,"column":20},"end":{"line":17,"column":1}},"1":{"start":{"line":5,"column":15},"end":{"line":5,"column":61}},"2":{"start":{"line":6,"column":17},"end":{"line":15,"column":8}},"3":{"start":{"line":7,"column":4},"end":{"line":10,"column":5}},"4":{"start":{"line":8,"column":6},"end":{"line":8,"column":91}},"5":{"start":{"line":8,"column":43},"end":{"line":8,"column":91}},"6":{"start":{"line":9,"column":6},"end":{"line":9,"column":86}},"7":{"start":{"line":11,"column":4},"end":{"line":13,"column":5}},"8":{"start":{"line":12,"column":6},"end":{"line":12,"column":54}},"9":{"start":{"line":14,"column":4},"end":{"line":14,"column":52}},"10":{"start":{"line":16,"column":2},"end":{"line":16,"column":38}},"11":{"start":{"line":20,"column":24},"end":{"line":20,"column":37}},"12":{"start":{"line":21,"column":15},"end":{"line":21,"column":46}},"13":{"start":{"line":22,"column":15},"end":{"line":22,"column":46}},"14":{"start":{"line":23,"column":2},"end":{"line":23,"column":33}}},"fnMap":{"0":{"name":"(anonymous_0)","decl":{"start":{"line":4,"column":20},"end":{"line":4,"column":21}},"loc":{"start":{"line":4,"column":40},"end":{"line":17,"column":1}},"line":4},"1":{"name":"(anonymous_1)","decl":{"start":{"line":6,"column":29},"end":{"line":6,"column":30}},"loc":{"start":{"line":6,"column":45},"end":{"line":15,"column":3}},"line":6},"2":{"name":"(anonymous_2)","decl":{"start":{"line":19,"column":15},"end":{"line":19,"column":16}},"loc":{"start":{"line":19,"column":37},"end":{"line":24,"column":1}},"line":19}},"branchMap":{"0":{"loc":{"start":{"line":7,"column":4},"end":{"line":10,"column":5}},"type":"if","locations":[{"start":{"line":7,"column":4},"end":{"line":10,"column":5}},{"start":{"line":7,"column":4},"end":{"line":10,"column":5}}],"line":7},"1":{"loc":{"start":{"line":7,"column":8},"end":{"line":7,"column":52}},"type":"binary-expr","locations":[{"start":{"line":7,"column":8},"end":{"line":7,"column":28}},{"start":{"line":7,"column":32},"end":{"line":7,"column":52}}],"line":7},"2":{"loc":{"start":{"line":8,"column":6},"end":{"line":8,"column":91}},"type":"if","locations":[{"start":{"line":8,"column":6},"end":{"line":8,"column":91}},{"start":{"line":8,"column":6},"end":{"line":8,"column":91}}],"line":8},"3":{"loc":{"start":{"line":11,"column":4},"end":{"line":13,"column":5}},"type":"if","locations":[{"start":{"line":11,"column":4},"end":{"line":13,"column":5}},{"start":{"line":11,"column":4},"end":{"line":13,"column":5}}],"line":11}},"s":{"0":1,"1":3,"2":3,"3":21,"4":15,"5":0,"6":15,"7":6,"8":3,"9":3,"10":3,"11":4,"12":4,"13":3,"14":3},"f":{"0":3,"1":21,"2":4},"b":{"0":[15,6],"1":[21,18],"2":[0,15],"3":[3,3]},"_coverageSchema":"1a1c01bbd47fc00a2c39e90264f33305004495a9","hash":"669e2bc8690181b926175bd87f1659132995c4ed"}
,"/home/ioann/projects/diff/src/utils.js": {"path":"/home/ioann/projects/diff/src/utils.js","statementMap":{"0":{"start":{"line":1,"column":13},"end":{"line":1,"column":28}},"1":{"start":{"line":2,"column":11},"end":{"line":2,"column":24}},"2":{"start":{"line":5,"column":19},"end":{"line":5,"column":27}},"3":{"start":{"line":6,"column":2},"end":{"line":6,"column":82}},"4":{"start":{"line":6,"column":34},"end":{"line":6,"column":82}},"5":{"start":{"line":8,"column":19},"end":{"line":8,"column":54}},"6":{"start":{"line":9,"column":2},"end":{"line":9,"column":30}}},"fnMap":{"0":{"name":"(anonymous_0)","decl":{"start":{"line":4,"column":15},"end":{"line":4,"column":16}},"loc":{"start":{"line":4,"column":41},"end":{"line":10,"column":1}},"line":4}},"branchMap":{"0":{"loc":{"start":{"line":6,"column":2},"end":{"line":6,"column":82}},"type":"if","locations":[{"start":{"line":6,"column":2},"end":{"line":6,"column":82}},{"start":{"line":6,"column":2},"end":{"line":6,"column":82}}],"line":6}},"s":{"0":1,"1":1,"2":7,"3":7,"4":3,"5":7,"6":6},"f":{"0":7},"b":{"0":[3,4]},"_coverageSchema":"1a1c01bbd47fc00a2c39e90264f33305004495a9","hash":"874ad93c748b936cb099ba9da6f0b3a1824f2c5b"}
}
