TN:
SF:src/index.js
FN:4,(anonymous_0)
FN:6,(anonymous_1)
FN:19,(anonymous_2)
FNF:3
FNH:3
FNDA:3,(anonymous_0)
FNDA:21,(anonymous_1)
FNDA:4,(anonymous_2)
DA:4,1
DA:5,3
DA:6,3
DA:7,21
DA:8,15
DA:9,15
DA:11,6
DA:12,3
DA:14,3
DA:16,3
DA:20,4
DA:21,4
DA:22,3
DA:23,3
LF:14
LH:14
BRDA:7,0,0,15
BRDA:7,0,1,6
BRDA:7,1,0,21
BRDA:7,1,1,18
BRDA:8,2,0,0
BRDA:8,2,1,15
BRDA:11,3,0,3
BRDA:11,3,1,3
BRF:8
BRH:7
end_of_record
TN:
SF:src/utils.js
FN:4,(anonymous_0)
FNF:1
FNH:1
FNDA:7,(anonymous_0)
DA:1,1
DA:2,1
DA:5,7
DA:6,7
DA:8,7
DA:9,6
LF:6
LH:6
BRDA:6,0,0,3
BRDA:6,0,1,4
BRF:2
BRH:2
end_of_record
